<?xml version="1.0" encoding="UTF-8"?>
<!-- Generated by org.testng.reporters.JUnitReportReporter -->
<testsuite hostname="LAPTOP-LAK2HUN9" failures="0" tests="1" name="com.mystore.testcases.AddToCartPageTest" time="32.828" errors="0" timestamp="2022-08-25T14:26:43 IST" skipped="0">
  <testcase classname="com.mystore.testcases.AddToCartPageTest" name="addToCartTest" time="32.828"/>
  <system-out/>
</testsuite> <!-- com.mystore.testcases.AddToCartPageTest -->
