<?xml version="1.0" encoding="UTF-8"?>
<!-- Generated by org.testng.reporters.JUnitReportReporter -->
<testsuite hostname="LAPTOP-LAK2HUN9" failures="0" tests="2" name="com.mystore.testcases.IndexPageTest" time="17.657" errors="0" timestamp="2022-08-25T14:26:43 IST" skipped="0">
  <testcase classname="com.mystore.testcases.IndexPageTest" name="verifyLogo" time="7.785"/>
  <system-out/>
  <testcase classname="com.mystore.testcases.IndexPageTest" name="verifyTitle" time="9.872"/>
  <system-out/>
</testsuite> <!-- com.mystore.testcases.IndexPageTest -->
