<?xml version="1.0" encoding="UTF-8"?>
<!-- Generated by org.testng.reporters.JUnitReportReporter -->
<testsuite hostname="LAPTOP-LAK2HUN9" failures="0" tests="1" name="com.mystore.testcases.AccountCreationTest" time="15.106" errors="0" timestamp="2022-08-25T14:26:43 IST" skipped="0">
  <testcase classname="com.mystore.testcases.AccountCreationTest" name="accountCreationTest" time="15.106"/>
  <system-out/>
</testsuite> <!-- com.mystore.testcases.AccountCreationTest -->
