<?xml version="1.0" encoding="UTF-8"?>
<!-- Generated by org.testng.reporters.JUnitReportReporter -->
<testsuite hostname="LAPTOP-LAK2HUN9" failures="0" tests="1" name="com.mystore.testcases.LoginPageTest" time="23.783" errors="0" timestamp="2022-08-25T14:26:43 IST" skipped="0">
  <testcase classname="com.mystore.testcases.LoginPageTest" name="loginTest" time="23.783"/>
  <system-out/>
</testsuite> <!-- com.mystore.testcases.LoginPageTest -->
