<?xml version="1.0" encoding="UTF-8"?>
<!-- Generated by org.testng.reporters.JUnitReportReporter -->
<testsuite hostname="LAPTOP-LAK2HUN9" failures="0" tests="2" name="com.mystore.testcases.HomePageTest" time="39.726" errors="0" timestamp="2022-08-25T14:26:43 IST" skipped="0">
  <testcase classname="com.mystore.testcases.HomePageTest" name="orderHistoryTest" time="22.405"/>
  <system-out/>
  <testcase classname="com.mystore.testcases.HomePageTest" name="wishListTest" time="17.321"/>
  <system-out/>
</testsuite> <!-- com.mystore.testcases.HomePageTest -->
